<?xml version="1.0" encoding="UTF-8" standalone="yes"?>
<Invoice>
    <UBLVersionID>2.1</UBLVersionID>
    <CustomizationID>TR1.2</CustomizationID>
    <ProfileID>EARSIVFATURA</ProfileID>
    <ID>ARS2024000000001</ID>
    <UUID>cbf4aab6-3747-4aac-bccf-1fb898a90f39</UUID>
    <IssueDate>2025-06-06</IssueDate>
    <DocumentCurrencyCode>TRY</DocumentCurrencyCode>
</Invoice>
